C:\GITHUB\DERIVATIVEOPERATION\DERIVATIVEOPERATION\DEBUG\GENERICINEQUALITIES.OBJ
C:\GITHUB\DERIVATIVEOPERATION\DERIVATIVEOPERATION\DEBUG\INEQUALITIES.OBJ
C:\GITHUB\DERIVATIVEOPERATION\DERIVATIVEOPERATION\DEBUG\TESTGENERICINEQUALITIES.OBJ
C:\GITHUB\DERIVATIVEOPERATION\DERIVATIVEOPERATION\DEBUG\TESTINEQUALITIEST.OBJ
C:\GITHUB\DERIVATIVEOPERATION\DERIVATIVEOPERATION\DEBUG\VC110.PDB
C:\Github\DerivativeOperation\DerivativeOperation\Debug\GenericInequalities.obj
C:\Github\DerivativeOperation\DerivativeOperation\Debug\Inequalities.obj
C:\Github\DerivativeOperation\DerivativeOperation\Debug\TestGenericInequalities.obj
C:\Github\DerivativeOperation\DerivativeOperation\Debug\TestInequalitiest.obj
C:\Github\DerivativeOperation\DerivativeOperation\Debug\cl.command.1.tlog
C:\Github\DerivativeOperation\DerivativeOperation\Debug\CL.read.1.tlog
C:\Github\DerivativeOperation\DerivativeOperation\Debug\CL.write.1.tlog
C:\Github\DerivativeOperation\DerivativeOperation\Debug\link-cvtres.read.1.tlog
C:\Github\DerivativeOperation\DerivativeOperation\Debug\link-cvtres.write.1.tlog
C:\Github\DerivativeOperation\DerivativeOperation\Debug\link-rc.read.1.tlog
C:\Github\DerivativeOperation\DerivativeOperation\Debug\link-rc.write.1.tlog
C:\Github\DerivativeOperation\DerivativeOperation\Debug\link.command.1.tlog
C:\Github\DerivativeOperation\DerivativeOperation\Debug\link.read.1.tlog
C:\Github\DerivativeOperation\DerivativeOperation\Debug\link.write.1.tlog
C:\Github\DerivativeOperation\DerivativeOperation\Debug\vc110.idb
C:\Github\DerivativeOperation\DerivativeOperation\Debug\vc110.pdb
C:\Github\DerivativeOperation\Debug\DerivativeOperation.pdb
