C:\GITHUB\PERSONDATA\PERSONDATA\DEBUG\PERSON.OBJ
C:\GITHUB\PERSONDATA\PERSONDATA\DEBUG\VC110.PDB
C:\GITHUB\PERSONDATA\PERSONDATA\DEBUG\TESTPERSON.OBJ
C:\GITHUB\PERSONDATA\PERSONDATA\DEBUG\DATE.OBJ
C:\GITHUB\PERSONDATA\DEBUG\PERSONDATA.ILK
C:\GITHUB\PERSONDATA\DEBUG\PERSONDATA.EXE
C:\GITHUB\PERSONDATA\DEBUG\PERSONDATA.PDB
C:\Github\PersonData\PersonData\Debug\Date.obj
C:\Github\PersonData\PersonData\Debug\Person.obj
C:\Github\PersonData\PersonData\Debug\TestPerson.obj
C:\Github\PersonData\PersonData\Debug\cl.command.1.tlog
C:\Github\PersonData\PersonData\Debug\CL.read.1.tlog
C:\Github\PersonData\PersonData\Debug\CL.write.1.tlog
C:\Github\PersonData\PersonData\Debug\link-cvtres.read.1.tlog
C:\Github\PersonData\PersonData\Debug\link-cvtres.write.1.tlog
C:\Github\PersonData\PersonData\Debug\link-rc.read.1.tlog
C:\Github\PersonData\PersonData\Debug\link-rc.write.1.tlog
C:\Github\PersonData\PersonData\Debug\link.command.1.tlog
C:\Github\PersonData\PersonData\Debug\link.read.1.tlog
C:\Github\PersonData\PersonData\Debug\link.write.1.tlog
C:\Github\PersonData\PersonData\Debug\vc110.idb
C:\Github\PersonData\PersonData\Debug\vc110.pdb
C:\Github\PersonData\Debug\PersonData.pdb
C:\Github\PersonData\Debug\PersonData.exe
C:\Github\PersonData\Debug\PersonData.ilk
